c:\users\prabo\desktop\appone\appone\debug\vc142.pdb
c:\users\prabo\desktop\appone\appone\debug\vc142.idb
c:\users\prabo\desktop\appone\appone\debug\guests.obj
c:\users\prabo\desktop\appone\appone\debug\commandpattern.obj
c:\users\prabo\desktop\appone\appone\debug\mediator pattern.obj
c:\users\prabo\desktop\appone\appone\debug\observer pattern.obj
c:\users\prabo\desktop\appone\debug\appone.exe
c:\users\prabo\desktop\appone\appone\debug\appone.ilk
c:\users\prabo\desktop\appone\debug\appone.pdb
c:\users\prabo\desktop\appone\appone\debug\abandoned_lock_demo.obj
c:\users\prabo\desktop\appone\appone\debug\appone.obj
c:\users\prabo\desktop\appone\appone\debug\atomic_object_demo.obj
c:\users\prabo\desktop\appone\appone\debug\condition_variable_demo.obj
c:\users\prabo\desktop\appone\appone\debug\data_race_demo.obj
c:\users\prabo\desktop\appone\appone\debug\deadlock_demo.obj
c:\users\prabo\desktop\appone\appone\debug\deques.obj
c:\users\prabo\desktop\appone\appone\debug\detached_thread_demo.obj
c:\users\prabo\desktop\appone\appone\debug\execution_scheduling_demo.obj
c:\users\prabo\desktop\appone\appone\debug\guest.obj
c:\users\prabo\desktop\appone\appone\debug\inserstionsort.obj
c:\users\prabo\desktop\appone\appone\debug\mutual_exclusion_demo.obj
c:\users\prabo\desktop\appone\appone\debug\priorityqueue.obj
c:\users\prabo\desktop\appone\appone\debug\producer_consumer_demo.obj
c:\users\prabo\desktop\appone\appone\debug\queues.obj
c:\users\prabo\desktop\appone\appone\debug\recursive_mutex_demo.obj
c:\users\prabo\desktop\appone\appone\debug\selectionsort.obj
c:\users\prabo\desktop\appone\appone\debug\source.obj
c:\users\prabo\desktop\appone\appone\debug\stacks.obj
c:\users\prabo\desktop\appone\appone\debug\thread_lifecycle_demo.obj
c:\users\prabo\desktop\appone\appone\debug\try_lock_demo.obj
c:\users\prabo\desktop\appone\appone\debug\vector.obj
c:\users\prabo\desktop\appone\appone\debug\appone.tlog\cl.command.1.tlog
c:\users\prabo\desktop\appone\appone\debug\appone.tlog\cl.read.1.tlog
c:\users\prabo\desktop\appone\appone\debug\appone.tlog\cl.write.1.tlog
c:\users\prabo\desktop\appone\appone\debug\appone.tlog\link.command.1.tlog
c:\users\prabo\desktop\appone\appone\debug\appone.tlog\link.read.1.tlog
c:\users\prabo\desktop\appone\appone\debug\appone.tlog\link.write.1.tlog
